<?xml version="1.0" encoding="UTF-8"?>
<!-- Generated by org.testng.reporters.JUnitReportReporter -->
<testsuite hostname="Sayan-Laptop" failures="0" tests="1" name="auto_runner.cucumber_runner" time="0.092" errors="1" timestamp="2024-01-23T02:47:42 IST" skipped="0">
  <testcase classname="auto_runner.cucumber_runner" name="scenario" time="0.092">
    <error message="Unresolved compilation problem: 
" type="java.lang.Error">
      <![CDATA[java.lang.Error: Unresolved compilation problem: 

at utilities.Driver_manager.create_driver(Driver_manager.java:11)
at glue_code.selenium_gluecode.user_is_preparing_to_test(selenium_gluecode.java:29)
at ✽.User is preparing to test "test_1"(file:///D:/IT/java_practice/framework_build_project/test_dev_project/src/test/java/features/test_feature.feature:6)
]]>
    </error>
  </testcase> <!-- scenario -->
</testsuite> <!-- auto_runner.cucumber_runner -->
